<?xml version="1.0" encoding="UTF-8"?>
<!-- Generated by org.testng.reporters.JUnitXMLReporter -->
<testsuite ignored="2" hostname="Venkatesan" failures="1" tests="1" name="Computerdatabase_chrometest" time="29.872" errors="0" timestamp="2024-08-02T12:16:13 IST">
  <testcase classname="com.Testcases.AddComputer" name="TC004_AddComputer" time="22.838">
    <failure type="java.lang.AssertionError" message="expected [Computer Test has been created] but found [Done !]">
      <![CDATA[java.lang.AssertionError: expected [Computer Test has been created] but found [Done !]
at com.Testcases.AddComputer.TC004_AddComputer(AddComputer.java:39)
at java.base/java.util.ArrayList.forEach(ArrayList.java:1511)
... Removed 33 stack frames]]>
    </failure>
  </testcase> <!-- TC004_AddComputer -->
  <testcase classname="com.Testcases.AddComputer" name="TC003_validatepagetitle" time="0.0">
    <ignored/>
  </testcase> <!-- TC003_validatepagetitle -->
  <testcase classname="com.Testcases.AddComputer" name="TC002_validatepageheading" time="0.0">
    <ignored/>
  </testcase> <!-- TC002_validatepageheading -->
</testsuite> <!-- Computerdatabase_chrometest -->
