<?xml version="1.0" encoding="UTF-8"?>
<!-- Generated by org.testng.reporters.JUnitXMLReporter -->
<testsuite ignored="2" hostname="Venkatesan" failures="1" tests="1" name="Computerdatabase_edgetest" time="16.453" errors="0" timestamp="2024-08-02T11:56:29 IST">
  <testcase classname="com.Testcases.AddComputer" name="TC004_AddComputer" time="11.745">
    <failure type="java.lang.Error" message="Unresolved compilation problem: 
	val cannot be resolved to a variable
">
      <![CDATA[java.lang.Error: Unresolved compilation problem: 
val cannot be resolved to a variable

at com.Base.Basepage.selectdrop(Basepage.java:220)
at com.Pageobjects.AddComputerpage.addcomputer(AddComputerpage.java:59)
at com.Testcases.AddComputer.TC004_AddComputer(AddComputer.java:37)
at java.base/java.util.ArrayList.forEach(ArrayList.java:1511)
... Removed 27 stack frames]]>
    </failure>
  </testcase> <!-- TC004_AddComputer -->
  <testcase classname="com.Testcases.AddComputer" name="TC003_validatepagetitle" time="0.0">
    <ignored/>
  </testcase> <!-- TC003_validatepagetitle -->
  <testcase classname="com.Testcases.AddComputer" name="TC002_validatepageheading" time="0.0">
    <ignored/>
  </testcase> <!-- TC002_validatepageheading -->
</testsuite> <!-- Computerdatabase_edgetest -->
